<?xml version="1.0" encoding="UTF-8"?>
<!-- Generated by org.testng.reporters.JUnitXMLReporter -->
<testsuite hostname="yogesh-H81M-S" ignored="0" name="Edwiser User Account Page" tests="3" failures="2" timestamp="10 Apr 2018 06:55:30 GMT" time="118.035" errors="0">
  <testcase name="editUserDetailsFromUserAccountPage" time="42.835" classname="com.edwiser.EdwiserBridge.UserAccountPageEditUserDetails">
    <failure type="org.openqa.selenium.TimeoutException" message="Expected condition failed: waiting for visibility of Proxy element for: DefaultElementLocator &amp;apos;By.xpath: //*[@class=&amp;apos;eb-edit-profile&amp;apos;]/a&amp;apos; (tried for 15 second(s) with 500 MILLISECONDS interval)">
      <![CDATA[org.openqa.selenium.TimeoutException: Expected condition failed: waiting for visibility of Proxy element for: DefaultElementLocator 'By.xpath: //*[@class='eb-edit-profile']/a' (tried for 15 second(s) with 500 MILLISECONDS interval)
	at org.openqa.selenium.support.ui.WebDriverWait.timeoutException(WebDriverWait.java:80)
	at org.openqa.selenium.support.ui.FluentWait.until(FluentWait.java:232)
	at com.edwiser.EdwiserBridge.UserAccountPageEditUserDetails.editUserDetailsFromUserAccountPage(UserAccountPageEditUserDetails.java:104)
Caused by: org.openqa.selenium.NoSuchElementException: no such element: Unable to locate element: {"method":"xpath","selector":"//*[@class='eb-edit-profile']/a"}
  (Session info: chrome=65.0.3325.181)
  (Driver info: chromedriver=2.35.528139 (47ead77cb35ad2a9a83248b292151462a66cd881),platform=Linux 4.13.0-38-generic x86_64) (WARNING: The server did not provide any stacktrace information)
Command duration or timeout: 0 milliseconds
For documentation on this error, please visit: http://seleniumhq.org/exceptions/no_such_element.html
Build info: version: '3.5.3', revision: 'a88d25fe6b', time: '2017-08-29T12:42:44.417Z'
System info: host: 'yogesh-H81M-S', ip: '127.0.1.1', os.name: 'Linux', os.arch: 'amd64', os.version: '4.13.0-38-generic', java.version: '1.8.0_161'
Driver info: org.openqa.selenium.chrome.ChromeDriver
Capabilities [{mobileEmulationEnabled=false, hasTouchScreen=false, platform=LINUX, acceptSslCerts=false, acceptInsecureCerts=false, webStorageEnabled=true, browserName=chrome, takesScreenshot=true, javascriptEnabled=true, platformName=LINUX, setWindowRect=true, unexpectedAlertBehaviour=, applicationCacheEnabled=false, rotatable=false, networkConnectionEnabled=false, chrome={chromedriverVersion=2.35.528139 (47ead77cb35ad2a9a83248b292151462a66cd881), userDataDir=/tmp/.org.chromium.Chromium.SwEyI0}, takesHeapSnapshot=true, pageLoadStrategy=normal, unhandledPromptBehavior=, databaseEnabled=false, handlesAlerts=true, version=65.0.3325.181, browserConnectionEnabled=false, nativeEvents=true, locationContextEnabled=true, cssSelectorsEnabled=true}]
Session ID: 164d871ef98a01cf964c9a83739c0b00
*** Element info: {Using=xpath, value=//*[@class='eb-edit-profile']/a}
	at org.openqa.selenium.remote.ErrorHandler.createThrowable(ErrorHandler.java:215)
	at org.openqa.selenium.remote.ErrorHandler.throwIfResponseFailed(ErrorHandler.java:167)
	at org.openqa.selenium.remote.http.JsonHttpResponseCodec.reconstructValue(JsonHttpResponseCodec.java:40)
	at org.openqa.selenium.remote.http.AbstractHttpResponseCodec.decode(AbstractHttpResponseCodec.java:82)
	at org.openqa.selenium.remote.http.AbstractHttpResponseCodec.decode(AbstractHttpResponseCodec.java:45)
	at org.openqa.selenium.remote.HttpCommandExecutor.execute(HttpCommandExecutor.java:164)
	at org.openqa.selenium.remote.service.DriverCommandExecutor.execute(DriverCommandExecutor.java:82)
	at org.openqa.selenium.remote.RemoteWebDriver.execute(RemoteWebDriver.java:646)
	at org.openqa.selenium.remote.RemoteWebDriver.findElement(RemoteWebDriver.java:416)
	at org.openqa.selenium.remote.RemoteWebDriver.findElementByXPath(RemoteWebDriver.java:518)
	at org.openqa.selenium.By$ByXPath.findElement(By.java:361)
	at org.openqa.selenium.remote.RemoteWebDriver.findElement(RemoteWebDriver.java:408)
	at org.openqa.selenium.support.pagefactory.DefaultElementLocator.findElement(DefaultElementLocator.java:69)
	at org.openqa.selenium.support.pagefactory.internal.LocatingElementHandler.invoke(LocatingElementHandler.java:38)
	at com.sun.proxy.$Proxy11.isDisplayed(Unknown Source)
	at org.openqa.selenium.support.ui.ExpectedConditions.elementIfVisible(ExpectedConditions.java:302)
	at org.openqa.selenium.support.ui.ExpectedConditions.access$100(ExpectedConditions.java:44)
	at org.openqa.selenium.support.ui.ExpectedConditions$10.apply(ExpectedConditions.java:288)
	at org.openqa.selenium.support.ui.ExpectedConditions$10.apply(ExpectedConditions.java:285)
	at org.openqa.selenium.support.ui.FluentWait.until(FluentWait.java:209)
	... 26 more
... Removed 29 stack frames]]>
    </failure>
  </testcase> <!-- editUserDetailsFromUserAccountPage -->
  <testcase name="checkEnrolledCoursesOnUserAccountPage" time="42.874" classname="com.edwiser.EdwiserBridge.UserAccountPageEditUserDetails">
    <failure type="java.lang.AssertionError" message="Enrolled Courses Not Showing on User Account Page expected [true] but found [false]">
      <![CDATA[java.lang.AssertionError: Enrolled Courses Not Showing on User Account Page expected [true] but found [false]
	at com.edwiser.EdwiserBridge.UserAccountPageEditUserDetails.checkEnrolledCoursesOnUserAccountPage(UserAccountPageEditUserDetails.java:212)
... Removed 28 stack frames]]>
    </failure>
  </testcase> <!-- checkEnrolledCoursesOnUserAccountPage -->
  <testcase name="checkUnenrolledCoursesOnUserAccountPage" time="32.315" classname="com.edwiser.EdwiserBridge.UserAccountPageEditUserDetails"/>
</testsuite> <!-- Edwiser User Account Page -->
